{"C:\\Users\\vastafi\\Documents\\GitHub\\simplestore-fr\\src\\store\\modules\\auth.js": {"path":"C:\\Users\\vastafi\\Documents\\GitHub\\simplestore-fr\\src\\store\\modules\\auth.js","statementMap":{"0":{"start":{"line":9,"column":12},"end":{"line":9,"column":37}},"1":{"start":{"line":12,"column":12},"end":{"line":12,"column":33}},"2":{"start":{"line":17,"column":12},"end":{"line":17,"column":53}},"3":{"start":{"line":18,"column":12},"end":{"line":18,"column":53}},"4":{"start":{"line":21,"column":12},"end":{"line":21,"column":49}},"5":{"start":{"line":22,"column":12},"end":{"line":22,"column":54}},"6":{"start":{"line":27,"column":12},"end":{"line":27,"column":41}},"7":{"start":{"line":30,"column":12},"end":{"line":30,"column":37}}},"fnMap":{"0":{"name":"(anonymous_0)","decl":{"start":{"line":8,"column":8},"end":{"line":8,"column":9}},"loc":{"start":{"line":8,"column":31},"end":{"line":10,"column":9}},"line":8},"1":{"name":"(anonymous_1)","decl":{"start":{"line":11,"column":8},"end":{"line":11,"column":9}},"loc":{"start":{"line":11,"column":27},"end":{"line":13,"column":9}},"line":11},"2":{"name":"(anonymous_2)","decl":{"start":{"line":16,"column":8},"end":{"line":16,"column":9}},"loc":{"start":{"line":16,"column":33},"end":{"line":19,"column":9}},"line":16},"3":{"name":"(anonymous_3)","decl":{"start":{"line":20,"column":8},"end":{"line":20,"column":9}},"loc":{"start":{"line":20,"column":22},"end":{"line":23,"column":9}},"line":20},"4":{"name":"(anonymous_4)","decl":{"start":{"line":26,"column":8},"end":{"line":26,"column":9}},"loc":{"start":{"line":26,"column":43},"end":{"line":28,"column":18}},"line":26},"5":{"name":"(anonymous_5)","decl":{"start":{"line":29,"column":8},"end":{"line":29,"column":9}},"loc":{"start":{"line":29,"column":39},"end":{"line":31,"column":9}},"line":29}},"branchMap":{},"s":{"0":3,"1":3,"2":1,"3":1,"4":1,"5":1,"6":2,"7":2},"f":{"0":3,"1":3,"2":1,"3":1,"4":2,"5":2},"b":{},"_coverageSchema":"43e27e138ebf9cfc5966b082cf9a028302ed4184","hash":"b3789e2a4499eb75d63b291f8f582314c0d70594"}
,"C:\\Users\\vastafi\\Documents\\GitHub\\simplestore-fr\\src\\store\\modules\\categories.js": {"path":"C:\\Users\\vastafi\\Documents\\GitHub\\simplestore-fr\\src\\store\\modules\\categories.js","statementMap":{"0":{"start":{"line":3,"column":21},"end":{"line":6,"column":1}},"1":{"start":{"line":11,"column":28},"end":{"line":11,"column":38}},"2":{"start":{"line":12,"column":33},"end":{"line":12,"column":48}},"3":{"start":{"line":16,"column":8},"end":{"line":16,"column":38}},"4":{"start":{"line":17,"column":23},"end":{"line":17,"column":46}},"5":{"start":{"line":18,"column":8},"end":{"line":18,"column":48}},"6":{"start":{"line":19,"column":8},"end":{"line":19,"column":39}},"7":{"start":{"line":24,"column":12},"end":{"line":24,"column":33}},"8":{"start":{"line":27,"column":12},"end":{"line":27,"column":38}}},"fnMap":{"0":{"name":"(anonymous_0)","decl":{"start":{"line":11,"column":17},"end":{"line":11,"column":18}},"loc":{"start":{"line":11,"column":28},"end":{"line":11,"column":38}},"line":11},"1":{"name":"(anonymous_1)","decl":{"start":{"line":12,"column":22},"end":{"line":12,"column":23}},"loc":{"start":{"line":12,"column":33},"end":{"line":12,"column":48}},"line":12},"2":{"name":"(anonymous_2)","decl":{"start":{"line":15,"column":8},"end":{"line":15,"column":9}},"loc":{"start":{"line":15,"column":40},"end":{"line":20,"column":5}},"line":15},"3":{"name":"(anonymous_3)","decl":{"start":{"line":23,"column":8},"end":{"line":23,"column":9}},"loc":{"start":{"line":23,"column":35},"end":{"line":25,"column":9}},"line":23},"4":{"name":"(anonymous_4)","decl":{"start":{"line":26,"column":8},"end":{"line":26,"column":9}},"loc":{"start":{"line":26,"column":38},"end":{"line":28,"column":9}},"line":26}},"branchMap":{},"s":{"0":1,"1":2,"2":3,"3":1,"4":1,"5":1,"6":1,"7":1,"8":3},"f":{"0":2,"1":3,"2":1,"3":1,"4":3},"b":{},"_coverageSchema":"43e27e138ebf9cfc5966b082cf9a028302ed4184","hash":"150a8c83c875f378519c31bc20829d650b149804"}
,"C:\\Users\\vastafi\\Documents\\GitHub\\simplestore-fr\\src\\store\\modules\\item.js": {"path":"C:\\Users\\vastafi\\Documents\\GitHub\\simplestore-fr\\src\\store\\modules\\item.js","statementMap":{"0":{"start":{"line":3,"column":21},"end":{"line":6,"column":1}},"1":{"start":{"line":11,"column":33},"end":{"line":11,"column":48}},"2":{"start":{"line":12,"column":29},"end":{"line":12,"column":33}},"3":{"start":{"line":16,"column":12},"end":{"line":16,"column":49}},"4":{"start":{"line":17,"column":27},"end":{"line":17,"column":60}},"5":{"start":{"line":18,"column":12},"end":{"line":18,"column":58}},"6":{"start":{"line":19,"column":12},"end":{"line":19,"column":51}},"7":{"start":{"line":24,"column":12},"end":{"line":24,"column":37}},"8":{"start":{"line":27,"column":12},"end":{"line":27,"column":32}}},"fnMap":{"0":{"name":"(anonymous_0)","decl":{"start":{"line":11,"column":22},"end":{"line":11,"column":23}},"loc":{"start":{"line":11,"column":33},"end":{"line":11,"column":48}},"line":11},"1":{"name":"(anonymous_1)","decl":{"start":{"line":12,"column":17},"end":{"line":12,"column":18}},"loc":{"start":{"line":12,"column":29},"end":{"line":12,"column":33}},"line":12},"2":{"name":"(anonymous_2)","decl":{"start":{"line":15,"column":8},"end":{"line":15,"column":9}},"loc":{"start":{"line":15,"column":39},"end":{"line":20,"column":9}},"line":15},"3":{"name":"(anonymous_3)","decl":{"start":{"line":23,"column":8},"end":{"line":23,"column":9}},"loc":{"start":{"line":23,"column":40},"end":{"line":25,"column":20}},"line":23},"4":{"name":"(anonymous_4)","decl":{"start":{"line":26,"column":8},"end":{"line":26,"column":9}},"loc":{"start":{"line":26,"column":35},"end":{"line":28,"column":9}},"line":26}},"branchMap":{},"s":{"0":1,"1":3,"2":2,"3":1,"4":1,"5":1,"6":1,"7":3,"8":1},"f":{"0":3,"1":2,"2":1,"3":3,"4":1},"b":{},"_coverageSchema":"43e27e138ebf9cfc5966b082cf9a028302ed4184","hash":"fa9327014e97d5dac4500306d97aeba9b944901b"}
,"C:\\Users\\vastafi\\Documents\\GitHub\\simplestore-fr\\src\\store\\modules\\productHistory.js": {"path":"C:\\Users\\vastafi\\Documents\\GitHub\\simplestore-fr\\src\\store\\modules\\productHistory.js","statementMap":{"0":{"start":{"line":1,"column":21},"end":{"line":3,"column":1}},"1":{"start":{"line":8,"column":28},"end":{"line":8,"column":39}},"2":{"start":{"line":15,"column":12},"end":{"line":23,"column":13}},"3":{"start":{"line":16,"column":30},"end":{"line":16,"column":40}},"4":{"start":{"line":17,"column":34},"end":{"line":17,"column":109}},"5":{"start":{"line":18,"column":32},"end":{"line":18,"column":67}},"6":{"start":{"line":19,"column":16},"end":{"line":21,"column":17}},"7":{"start":{"line":20,"column":20},"end":{"line":20,"column":42}},"8":{"start":{"line":22,"column":16},"end":{"line":22,"column":60}}},"fnMap":{"0":{"name":"(anonymous_0)","decl":{"start":{"line":8,"column":17},"end":{"line":8,"column":18}},"loc":{"start":{"line":8,"column":28},"end":{"line":8,"column":39}},"line":8},"1":{"name":"(anonymous_1)","decl":{"start":{"line":14,"column":8},"end":{"line":14,"column":9}},"loc":{"start":{"line":14,"column":36},"end":{"line":24,"column":9}},"line":14}},"branchMap":{"0":{"loc":{"start":{"line":18,"column":32},"end":{"line":18,"column":67}},"type":"binary-expr","locations":[{"start":{"line":18,"column":32},"end":{"line":18,"column":61}},{"start":{"line":18,"column":65},"end":{"line":18,"column":67}}],"line":18},"1":{"loc":{"start":{"line":19,"column":16},"end":{"line":21,"column":17}},"type":"if","locations":[{"start":{"line":19,"column":16},"end":{"line":21,"column":17}},{"start":{"line":19,"column":16},"end":{"line":21,"column":17}}],"line":19}},"s":{"0":1,"1":1,"2":3,"3":3,"4":3,"5":3,"6":3,"7":2,"8":3},"f":{"0":1,"1":3},"b":{"0":[3,1],"1":[2,1]},"_coverageSchema":"43e27e138ebf9cfc5966b082cf9a028302ed4184","hash":"336cae9121d13c12341715d26510f0417e6641b8"}
,"C:\\Users\\vastafi\\Documents\\GitHub\\simplestore-fr\\src\\store\\modules\\products.js": {"path":"C:\\Users\\vastafi\\Documents\\GitHub\\simplestore-fr\\src\\store\\modules\\products.js","statementMap":{"0":{"start":{"line":4,"column":21},"end":{"line":9,"column":1}},"1":{"start":{"line":14,"column":27},"end":{"line":14,"column":37}},"2":{"start":{"line":15,"column":33},"end":{"line":15,"column":48}},"3":{"start":{"line":16,"column":41},"end":{"line":16,"column":59}},"4":{"start":{"line":17,"column":39},"end":{"line":17,"column":60}},"5":{"start":{"line":21,"column":12},"end":{"line":21,"column":50}},"6":{"start":{"line":22,"column":30},"end":{"line":22,"column":60}},"7":{"start":{"line":23,"column":27},"end":{"line":23,"column":70}},"8":{"start":{"line":24,"column":25},"end":{"line":24,"column":52}},"9":{"start":{"line":25,"column":12},"end":{"line":25,"column":39}},"10":{"start":{"line":26,"column":12},"end":{"line":26,"column":78}},"11":{"start":{"line":27,"column":12},"end":{"line":31,"column":13}},"12":{"start":{"line":28,"column":16},"end":{"line":28,"column":54}},"13":{"start":{"line":30,"column":16},"end":{"line":30,"column":51}},"14":{"start":{"line":32,"column":12},"end":{"line":32,"column":51}},"15":{"start":{"line":35,"column":12},"end":{"line":35,"column":56}},"16":{"start":{"line":36,"column":25},"end":{"line":36,"column":56}},"17":{"start":{"line":37,"column":12},"end":{"line":37,"column":77}},"18":{"start":{"line":38,"column":12},"end":{"line":38,"column":57}},"19":{"start":{"line":44,"column":12},"end":{"line":44,"column":32}},"20":{"start":{"line":47,"column":12},"end":{"line":47,"column":38}},"21":{"start":{"line":50,"column":12},"end":{"line":50,"column":52}},"22":{"start":{"line":53,"column":12},"end":{"line":53,"column":44}},"23":{"start":{"line":56,"column":12},"end":{"line":56,"column":35}}},"fnMap":{"0":{"name":"(anonymous_0)","decl":{"start":{"line":14,"column":17},"end":{"line":14,"column":18}},"loc":{"start":{"line":14,"column":27},"end":{"line":14,"column":37}},"line":14},"1":{"name":"(anonymous_1)","decl":{"start":{"line":15,"column":22},"end":{"line":15,"column":23}},"loc":{"start":{"line":15,"column":33},"end":{"line":15,"column":48}},"line":15},"2":{"name":"(anonymous_2)","decl":{"start":{"line":16,"column":30},"end":{"line":16,"column":31}},"loc":{"start":{"line":16,"column":41},"end":{"line":16,"column":59}},"line":16},"3":{"name":"(anonymous_3)","decl":{"start":{"line":17,"column":28},"end":{"line":17,"column":29}},"loc":{"start":{"line":17,"column":39},"end":{"line":17,"column":60}},"line":17},"4":{"name":"(anonymous_4)","decl":{"start":{"line":20,"column":8},"end":{"line":20,"column":9}},"loc":{"start":{"line":20,"column":48},"end":{"line":33,"column":9}},"line":20},"5":{"name":"(anonymous_5)","decl":{"start":{"line":34,"column":8},"end":{"line":34,"column":9}},"loc":{"start":{"line":34,"column":45},"end":{"line":39,"column":9}},"line":34},"6":{"name":"(anonymous_6)","decl":{"start":{"line":43,"column":8},"end":{"line":43,"column":9}},"loc":{"start":{"line":43,"column":35},"end":{"line":45,"column":9}},"line":43},"7":{"name":"(anonymous_7)","decl":{"start":{"line":46,"column":8},"end":{"line":46,"column":9}},"loc":{"start":{"line":46,"column":40},"end":{"line":48,"column":9}},"line":46},"8":{"name":"(anonymous_8)","decl":{"start":{"line":49,"column":8},"end":{"line":49,"column":9}},"loc":{"start":{"line":49,"column":38},"end":{"line":51,"column":9}},"line":49},"9":{"name":"(anonymous_9)","decl":{"start":{"line":52,"column":8},"end":{"line":52,"column":9}},"loc":{"start":{"line":52,"column":46},"end":{"line":54,"column":21}},"line":52},"10":{"name":"(anonymous_10)","decl":{"start":{"line":55,"column":8},"end":{"line":55,"column":9}},"loc":{"start":{"line":55,"column":41},"end":{"line":57,"column":9}},"line":55}},"branchMap":{"0":{"loc":{"start":{"line":16,"column":41},"end":{"line":16,"column":59}},"type":"binary-expr","locations":[{"start":{"line":16,"column":41},"end":{"line":16,"column":53}},{"start":{"line":16,"column":57},"end":{"line":16,"column":59}}],"line":16},"1":{"loc":{"start":{"line":22,"column":30},"end":{"line":22,"column":60}},"type":"cond-expr","locations":[{"start":{"line":22,"column":51},"end":{"line":22,"column":54}},{"start":{"line":22,"column":57},"end":{"line":22,"column":60}}],"line":22},"2":{"loc":{"start":{"line":27,"column":12},"end":{"line":31,"column":13}},"type":"if","locations":[{"start":{"line":27,"column":12},"end":{"line":31,"column":13}},{"start":{"line":27,"column":12},"end":{"line":31,"column":13}}],"line":27}},"s":{"0":1,"1":3,"2":3,"3":3,"4":3,"5":2,"6":2,"7":2,"8":2,"9":2,"10":2,"11":2,"12":1,"13":1,"14":2,"15":1,"16":1,"17":1,"18":1,"19":2,"20":5,"21":1,"22":3,"23":2},"f":{"0":3,"1":3,"2":3,"3":3,"4":2,"5":1,"6":2,"7":5,"8":1,"9":3,"10":2},"b":{"0":[3,1],"1":[1,1],"2":[1,1]},"_coverageSchema":"43e27e138ebf9cfc5966b082cf9a028302ed4184","hash":"b3452ae9fa32e56f9764b34a7978b37f8c0f609f"}
,"C:\\Users\\vastafi\\Documents\\GitHub\\simplestore-fr\\src\\store\\modules\\settings.js": {"path":"C:\\Users\\vastafi\\Documents\\GitHub\\simplestore-fr\\src\\store\\modules\\settings.js","statementMap":{"0":{"start":{"line":9,"column":41},"end":{"line":9,"column":64}},"1":{"start":{"line":16,"column":12},"end":{"line":16,"column":46}},"2":{"start":{"line":17,"column":12},"end":{"line":17,"column":40}}},"fnMap":{"0":{"name":"(anonymous_0)","decl":{"start":{"line":9,"column":30},"end":{"line":9,"column":31}},"loc":{"start":{"line":9,"column":41},"end":{"line":9,"column":64}},"line":9},"1":{"name":"(anonymous_1)","decl":{"start":{"line":15,"column":8},"end":{"line":15,"column":9}},"loc":{"start":{"line":15,"column":48},"end":{"line":18,"column":9}},"line":15}},"branchMap":{},"s":{"0":2,"1":1,"2":1},"f":{"0":2,"1":1},"b":{},"_coverageSchema":"43e27e138ebf9cfc5966b082cf9a028302ed4184","hash":"dda6e80824f2a8dca2011db03d8e252074155d88"}
}
